2018-07-03 07:13:50,332 INFO  c.c.d.collector.CollectorTask - -----------------------------------
2018-07-03 07:13:50,337 INFO  c.c.d.collector.CollectorTask - server1
2018-07-03 07:13:50,338 INFO  c.c.d.collector.CollectorTask - -----------------------------------
2018-07-03 07:13:50,340 INFO  c.c.d.collector.CollectorTask - Fetched jobs                     0s
2018-07-03 07:13:50,354 INFO  c.c.d.collector.CollectorTask - New jobs                0        0s
2018-07-03 07:13:50,355 INFO  c.c.d.collector.CollectorTask - New builds              0        0s
2018-07-03 07:13:50,355 INFO  c.c.d.collector.CollectorTask - Finished                         0s
2018-07-03 07:13:50,371 INFO  c.c.d.collector.CollectorTask - -----------------------------------
2018-07-03 07:13:50,371 INFO  c.c.d.collector.CollectorTask - server1
2018-07-03 07:13:50,372 INFO  c.c.d.collector.CollectorTask - -----------------------------------
2018-07-03 07:13:50,372 INFO  c.c.d.collector.CollectorTask - Fetched jobs                     0s
2018-07-03 07:13:50,372 INFO  c.c.d.collector.CollectorTask - New jobs                1        0s
2018-07-03 07:13:50,373 INFO  c.c.d.collector.CollectorTask - New builds              0        0s
2018-07-03 07:13:50,373 INFO  c.c.d.collector.CollectorTask - Finished                         0s
2018-07-03 07:13:50,379 INFO  c.c.d.collector.CollectorTask - -----------------------------------
2018-07-03 07:13:50,380 INFO  c.c.d.collector.CollectorTask - server1
2018-07-03 07:13:50,380 INFO  c.c.d.collector.CollectorTask - -----------------------------------
2018-07-03 07:13:50,380 INFO  c.c.d.collector.CollectorTask - Fetched jobs                     0s
2018-07-03 07:13:50,381 INFO  c.c.d.collector.CollectorTask - New jobs                0        0s
2018-07-03 07:13:50,381 INFO  c.c.d.collector.CollectorTask - New builds              0        0s
2018-07-03 07:13:50,381 INFO  c.c.d.collector.CollectorTask - Finished                         0s
2018-07-03 07:13:50,385 INFO  c.c.d.collector.CollectorTask - -----------------------------------
2018-07-03 07:13:50,386 INFO  c.c.d.collector.CollectorTask - server1
2018-07-03 07:13:50,386 INFO  c.c.d.collector.CollectorTask - -----------------------------------
2018-07-03 07:13:50,386 INFO  c.c.d.collector.CollectorTask - Fetched jobs                     0s
2018-07-03 07:13:50,387 INFO  c.c.d.collector.CollectorTask - New jobs                1        0s
2018-07-03 07:13:50,387 INFO  c.c.d.collector.CollectorTask - New builds              0        0s
2018-07-03 07:13:50,387 INFO  c.c.d.collector.CollectorTask - Finished                         0s
2018-07-03 07:13:50,390 INFO  c.c.d.collector.CollectorTask - -----------------------------------
2018-07-03 07:13:50,390 INFO  c.c.d.collector.CollectorTask - server1
2018-07-03 07:13:50,390 INFO  c.c.d.collector.CollectorTask - -----------------------------------
2018-07-03 07:13:50,391 INFO  c.c.d.collector.CollectorTask - Fetched jobs                     0s
2018-07-03 07:13:50,391 INFO  c.c.d.collector.CollectorTask - New jobs                2        0s
2018-07-03 07:13:50,474 INFO  c.c.d.collector.CollectorTask - New builds              0        0s
2018-07-03 07:13:50,474 INFO  c.c.d.collector.CollectorTask - Finished                         0s
2018-07-03 07:13:50,478 INFO  c.c.d.collector.CollectorTask - -----------------------------------
2018-07-03 07:13:50,478 INFO  c.c.d.collector.CollectorTask - server1
2018-07-03 07:13:50,479 INFO  c.c.d.collector.CollectorTask - -----------------------------------
2018-07-03 07:13:50,479 INFO  c.c.d.collector.CollectorTask - Fetched jobs                     0s
2018-07-03 07:13:50,480 INFO  c.c.d.collector.CollectorTask - New jobs                1        0s
2018-07-03 07:13:50,480 INFO  c.c.d.collector.CollectorTask - New builds              0        0s
2018-07-03 07:13:50,480 INFO  c.c.d.collector.CollectorTask - Finished                         0s
2018-07-03 07:13:50,483 INFO  c.c.d.collector.CollectorTask - -----------------------------------
2018-07-03 07:13:50,484 INFO  c.c.d.collector.CollectorTask - server1
2018-07-03 07:13:50,484 INFO  c.c.d.collector.CollectorTask - -----------------------------------
2018-07-03 07:13:50,484 INFO  c.c.d.collector.CollectorTask - Fetched jobs                     0s
2018-07-03 07:13:50,484 INFO  c.c.d.collector.CollectorTask - New jobs                1        0s
2018-07-03 07:13:50,485 INFO  c.c.d.collector.CollectorTask - New builds              1        0s
2018-07-03 07:13:50,485 INFO  c.c.d.collector.CollectorTask - Finished                         0s
2018-07-03 07:13:50,488 INFO  c.c.d.collector.CollectorTask - -----------------------------------
2018-07-03 07:13:50,488 INFO  c.c.d.collector.CollectorTask - server1
2018-07-03 07:13:50,488 INFO  c.c.d.collector.CollectorTask - -----------------------------------
2018-07-03 07:13:50,488 INFO  c.c.d.collector.CollectorTask - Fetched jobs                     0s
2018-07-03 07:13:50,489 INFO  c.c.d.collector.CollectorTask - New jobs                2        0s
2018-07-03 07:13:50,489 INFO  c.c.d.collector.CollectorTask - New builds              0        0s
2018-07-03 07:13:50,489 INFO  c.c.d.collector.CollectorTask - Finished                         0s
2018-07-03 07:13:50,492 INFO  c.c.d.collector.CollectorTask - -----------------------------------
2018-07-03 07:13:50,492 INFO  c.c.d.collector.CollectorTask - server1
2018-07-03 07:13:50,492 INFO  c.c.d.collector.CollectorTask - -----------------------------------
2018-07-03 07:13:50,493 INFO  c.c.d.collector.CollectorTask - Fetched jobs                     0s
2018-07-03 07:13:50,493 INFO  c.c.d.collector.CollectorTask - New jobs                0        0s
2018-07-03 07:13:50,493 INFO  c.c.d.collector.CollectorTask - New builds              0        0s
2018-07-03 07:13:50,493 INFO  c.c.d.collector.CollectorTask - Finished                         0s
2018-07-03 11:41:15,015 INFO  c.c.d.collector.CollectorTask - -----------------------------------
2018-07-03 11:41:15,021 INFO  c.c.d.collector.CollectorTask - server1
2018-07-03 11:41:15,022 INFO  c.c.d.collector.CollectorTask - -----------------------------------
2018-07-03 11:41:15,024 INFO  c.c.d.collector.CollectorTask - Fetched jobs                     0s
2018-07-03 11:41:15,041 INFO  c.c.d.collector.CollectorTask - New jobs                0        0s
2018-07-03 11:41:15,042 INFO  c.c.d.collector.CollectorTask - New builds              0        0s
2018-07-03 11:41:15,042 INFO  c.c.d.collector.CollectorTask - Finished                         0s
2018-07-03 11:41:15,060 INFO  c.c.d.collector.CollectorTask - -----------------------------------
2018-07-03 11:41:15,060 INFO  c.c.d.collector.CollectorTask - server1
2018-07-03 11:41:15,061 INFO  c.c.d.collector.CollectorTask - -----------------------------------
2018-07-03 11:41:15,061 INFO  c.c.d.collector.CollectorTask - Fetched jobs                     0s
2018-07-03 11:41:15,061 INFO  c.c.d.collector.CollectorTask - New jobs                1        0s
2018-07-03 11:41:15,062 INFO  c.c.d.collector.CollectorTask - New builds              0        0s
2018-07-03 11:41:15,062 INFO  c.c.d.collector.CollectorTask - Finished                         0s
2018-07-03 11:41:15,071 INFO  c.c.d.collector.CollectorTask - -----------------------------------
2018-07-03 11:41:15,071 INFO  c.c.d.collector.CollectorTask - server1
2018-07-03 11:41:15,072 INFO  c.c.d.collector.CollectorTask - -----------------------------------
2018-07-03 11:41:15,072 INFO  c.c.d.collector.CollectorTask - Fetched jobs                     0s
2018-07-03 11:41:15,073 INFO  c.c.d.collector.CollectorTask - New jobs                0        0s
2018-07-03 11:41:15,073 INFO  c.c.d.collector.CollectorTask - New builds              0        0s
2018-07-03 11:41:15,073 INFO  c.c.d.collector.CollectorTask - Finished                         0s
2018-07-03 11:41:15,080 INFO  c.c.d.collector.CollectorTask - -----------------------------------
2018-07-03 11:41:15,081 INFO  c.c.d.collector.CollectorTask - server1
2018-07-03 11:41:15,082 INFO  c.c.d.collector.CollectorTask - -----------------------------------
2018-07-03 11:41:15,083 INFO  c.c.d.collector.CollectorTask - Fetched jobs                     0s
2018-07-03 11:41:15,084 INFO  c.c.d.collector.CollectorTask - New jobs                1        0s
2018-07-03 11:41:15,084 INFO  c.c.d.collector.CollectorTask - New builds              0        0s
2018-07-03 11:41:15,085 INFO  c.c.d.collector.CollectorTask - Finished                         0s
2018-07-03 11:41:15,088 INFO  c.c.d.collector.CollectorTask - -----------------------------------
2018-07-03 11:41:15,089 INFO  c.c.d.collector.CollectorTask - server1
2018-07-03 11:41:15,089 INFO  c.c.d.collector.CollectorTask - -----------------------------------
2018-07-03 11:41:15,090 INFO  c.c.d.collector.CollectorTask - Fetched jobs                     0s
2018-07-03 11:41:15,090 INFO  c.c.d.collector.CollectorTask - New jobs                2        0s
2018-07-03 11:41:15,186 INFO  c.c.d.collector.CollectorTask - New builds              0        0s
2018-07-03 11:41:15,187 INFO  c.c.d.collector.CollectorTask - Finished                         0s
2018-07-03 11:41:15,189 INFO  c.c.d.collector.CollectorTask - -----------------------------------
2018-07-03 11:41:15,190 INFO  c.c.d.collector.CollectorTask - server1
2018-07-03 11:41:15,190 INFO  c.c.d.collector.CollectorTask - -----------------------------------
2018-07-03 11:41:15,190 INFO  c.c.d.collector.CollectorTask - Fetched jobs                     0s
2018-07-03 11:41:15,190 INFO  c.c.d.collector.CollectorTask - New jobs                1        0s
2018-07-03 11:41:15,191 INFO  c.c.d.collector.CollectorTask - New builds              0        0s
2018-07-03 11:41:15,191 INFO  c.c.d.collector.CollectorTask - Finished                         0s
2018-07-03 11:41:15,194 INFO  c.c.d.collector.CollectorTask - -----------------------------------
2018-07-03 11:41:15,194 INFO  c.c.d.collector.CollectorTask - server1
2018-07-03 11:41:15,194 INFO  c.c.d.collector.CollectorTask - -----------------------------------
2018-07-03 11:41:15,194 INFO  c.c.d.collector.CollectorTask - Fetched jobs                     0s
2018-07-03 11:41:15,195 INFO  c.c.d.collector.CollectorTask - New jobs                1        0s
2018-07-03 11:41:15,196 INFO  c.c.d.collector.CollectorTask - New builds              1        0s
2018-07-03 11:41:15,196 INFO  c.c.d.collector.CollectorTask - Finished                         0s
2018-07-03 11:41:15,199 INFO  c.c.d.collector.CollectorTask - -----------------------------------
2018-07-03 11:41:15,199 INFO  c.c.d.collector.CollectorTask - server1
2018-07-03 11:41:15,200 INFO  c.c.d.collector.CollectorTask - -----------------------------------
2018-07-03 11:41:15,200 INFO  c.c.d.collector.CollectorTask - Fetched jobs                     0s
2018-07-03 11:41:15,200 INFO  c.c.d.collector.CollectorTask - New jobs                2        0s
2018-07-03 11:41:15,201 INFO  c.c.d.collector.CollectorTask - New builds              0        0s
2018-07-03 11:41:15,201 INFO  c.c.d.collector.CollectorTask - Finished                         0s
2018-07-03 11:41:15,204 INFO  c.c.d.collector.CollectorTask - -----------------------------------
2018-07-03 11:41:15,204 INFO  c.c.d.collector.CollectorTask - server1
2018-07-03 11:41:15,204 INFO  c.c.d.collector.CollectorTask - -----------------------------------
2018-07-03 11:41:15,205 INFO  c.c.d.collector.CollectorTask - Fetched jobs                     0s
2018-07-03 11:41:15,205 INFO  c.c.d.collector.CollectorTask - New jobs                0        0s
2018-07-03 11:41:15,206 INFO  c.c.d.collector.CollectorTask - New builds              0        0s
2018-07-03 11:41:15,206 INFO  c.c.d.collector.CollectorTask - Finished                         0s
